\BOOKMARK [0][-]{chapter*.2}{\376\377\000I\000n\000t\000r\000o\000d\000u\000z\000i\000o\000n\000e}{}% 1
\BOOKMARK [0][-]{chapter.1}{\376\377\000I\000l\000\040\000P\000r\000o\000g\000e\000t\000t\000o\000\040\000A\000R\000E\000S}{}% 2
\BOOKMARK [1][-]{section.1.1}{\376\377\000P\000r\000e\000s\000e\000n\000t\000a\000z\000i\000o\000n\000e\000\040\000d\000e\000l\000\040\000v\000i\000d\000e\000o\000g\000i\000o\000c\000o\000\040\000A\000R\000E\000S}{chapter.1}% 3
\BOOKMARK [1][-]{section.1.2}{\376\377\000M\000o\000t\000i\000v\000a\000z\000i\000o\000n\000i\000\040\000e\000\040\000o\000b\000i\000e\000t\000t\000i\000v\000i}{chapter.1}% 4
\BOOKMARK [0][-]{chapter.2}{\376\377\000L\000a\000\040\000P\000i\000p\000e\000l\000i\000n\000e\000\040\000d\000i\000\040\000R\000e\000n\000d\000e\000r\000i\000n\000g\000\040\000i\000n\000\040\000U\000n\000i\000t\000y}{}% 5
\BOOKMARK [1][-]{section.2.1}{\376\377\000I\000n\000t\000r\000o\000d\000u\000z\000i\000o\000n\000e\000\040\000a\000\040\000H\000D\000R\000P}{chapter.2}% 6
\BOOKMARK [1][-]{section.2.2}{\376\377\000G\000e\000s\000t\000i\000o\000n\000e\000\040\000d\000e\000l\000\040\000c\000a\000r\000i\000c\000o\000\040\000c\000o\000m\000p\000u\000t\000a\000z\000i\000o\000n\000a\000l\000e}{chapter.2}% 7
\BOOKMARK [2][-]{subsection.2.2.1}{\376\377\000I\000l\000\040\000c\000o\000s\000t\000o\000\040\000d\000e\000l\000l\000e\000\040\000D\000r\000a\000w\000\040\000C\000a\000l\000l}{section.2.2}% 8
\BOOKMARK [2][-]{subsection.2.2.2}{\376\377\000C\000a\000m\000b\000i\000a\000m\000e\000n\000t\000i\000\040\000d\000i\000\040\000s\000t\000a\000t\000o\000\040\000e\000\040\000S\000e\000t\000P\000a\000s\000s\000\040\000C\000a\000l\000l\000s}{section.2.2}% 9
\BOOKMARK [1][-]{section.2.3}{\376\377\000B\000a\000t\000c\000h\000i\000n\000g}{chapter.2}% 10
\BOOKMARK [2][-]{subsection.2.3.1}{\376\377\000D\000e\000f\000i\000n\000i\000z\000i\000o\000n\000e}{section.2.3}% 11
\BOOKMARK [2][-]{subsection.2.3.2}{\376\377\000B\000a\000t\000c\000h\000i\000n\000g\000\040\000i\000n\000\040\000U\000n\000i\000t\000y}{section.2.3}% 12
\BOOKMARK [2][-]{subsection.2.3.3}{\376\377\000S\000t\000a\000t\000i\000c\000\040\000B\000a\000t\000c\000h\000i\000n\000g}{section.2.3}% 13
\BOOKMARK [2][-]{subsection.2.3.4}{\376\377\000G\000P\000U\000\040\000I\000n\000s\000t\000a\000n\000c\000i\000n\000g}{section.2.3}% 14
\BOOKMARK [2][-]{subsection.2.3.5}{\376\377\000S\000R\000P\000\040\000B\000a\000t\000c\000h\000e\000r}{section.2.3}% 15
\BOOKMARK [1][-]{section.2.4}{\376\377\000S\000h\000a\000d\000e\000r\000:\000\040\000f\000o\000n\000d\000a\000m\000e\000n\000t\000i\000\040\000t\000e\000o\000r\000i\000c\000i\000\040\000e\000\040\000l\000i\000n\000g\000u\000a\000g\000g\000i\000o\000\040\000H\000L\000S\000L}{chapter.2}% 16
\BOOKMARK [2][-]{subsection.2.4.1}{\376\377\000D\000e\000f\000i\000n\000i\000z\000i\000o\000n\000e\000\040\000d\000i\000\040\000S\000h\000a\000d\000e\000r}{section.2.4}% 17
\BOOKMARK [2][-]{subsection.2.4.2}{\376\377\000C\000l\000a\000s\000s\000i\000f\000i\000c\000a\000z\000i\000o\000n\000e\000\040\000d\000e\000g\000l\000i\000\040\000S\000h\000a\000d\000e\000r\000\040\000n\000e\000l\000l\000a\000\040\000P\000i\000p\000e\000l\000i\000n\000e\000\040\000P\000r\000o\000g\000r\000a\000m\000m\000a\000b\000i\000l\000e}{section.2.4}% 18
\BOOKMARK [0][-]{chapter.3}{\376\377\000A\000n\000a\000l\000i\000s\000i\000\040\000I\000n\000i\000z\000i\000a\000l\000e\000\040\000d\000e\000l\000l\000e\000\040\000P\000r\000e\000s\000t\000a\000z\000i\000o\000n\000i}{}% 19
\BOOKMARK [1][-]{section.3.1}{\376\377\000P\000r\000e\000s\000e\000n\000t\000a\000z\000i\000o\000n\000e\000\040\000d\000e\000l\000l\000a\000\040\000s\000c\000e\000n\000a\000\040\000d\000i\000\040\000r\000i\000f\000e\000r\000i\000m\000e\000n\000t\000o}{chapter.3}% 20
\BOOKMARK [2][-]{subsection.3.1.1}{\376\377\000C\000a\000r\000a\000t\000t\000e\000r\000i\000s\000t\000i\000c\000h\000e\000\040\000d\000e\000l\000l\000a\000\040\000S\000c\000e\000n\000a\000\040\000e\000\040\000C\000r\000i\000t\000i\000c\000i\000t\000\340\000\040\000C\000o\000m\000p\000u\000t\000a\000z\000i\000o\000n\000a\000l\000i}{section.3.1}% 21
\BOOKMARK [1][-]{section.3.2}{\376\377\000S\000t\000r\000u\000m\000e\000n\000t\000i\000\040\000d\000i\000\040\000P\000r\000o\000f\000i\000l\000i\000n\000g}{chapter.3}% 22
\BOOKMARK [2][-]{subsection.3.2.1}{\376\377\000U\000n\000i\000t\000y\000\040\000P\000r\000o\000f\000i\000l\000e\000r}{section.3.2}% 23
\BOOKMARK [2][-]{subsection.3.2.2}{\376\377\000F\000r\000a\000m\000e\000\040\000D\000e\000b\000u\000g\000g\000e\000r}{section.3.2}% 24
\BOOKMARK [1][-]{section.3.3}{\376\377\000R\000i\000l\000e\000v\000a\000z\000i\000o\000n\000e\000\040\000d\000e\000l\000l\000a\000\040\000B\000a\000s\000e\000l\000i\000n\000e}{chapter.3}% 25
\BOOKMARK [2][-]{subsection.3.3.1}{\376\377\000S\000e\000t\000u\000p\000\040\000S\000p\000e\000r\000i\000m\000e\000n\000t\000a\000l\000e\000\040\000e\000\040\000C\000o\000n\000d\000i\000z\000i\000o\000n\000i\000\040\000d\000i\000\040\000T\000e\000s\000t}{section.3.3}% 26
\BOOKMARK [2][-]{subsection.3.3.2}{\376\377\000A\000n\000a\000l\000i\000s\000i\000\040\000Q\000u\000a\000n\000t\000i\000t\000a\000t\000i\000v\000a\000\040\000d\000e\000l\000l\000e\000\040\000M\000e\000t\000r\000i\000c\000h\000e\000\040\000d\000i\000\040\000R\000e\000n\000d\000e\000r\000i\000n\000g}{section.3.3}% 27
\BOOKMARK [0][-]{chapter.4}{\376\377\000O\000t\000t\000i\000m\000i\000z\000z\000a\000z\000i\000o\000n\000e}{}% 28
\BOOKMARK [1][-]{section.4.1}{\376\377\000L\000i\000g\000h\000t\000\040\000B\000a\000k\000i\000n\000g}{chapter.4}% 29
\BOOKMARK [2][-]{subsection.4.1.1}{\376\377\000P\000r\000i\000n\000c\000i\000p\000i\000\040\000d\000e\000l\000\040\000L\000i\000g\000h\000t\000\040\000B\000a\000k\000i\000n\000g\000\040\000e\000\040\000L\000i\000g\000h\000t\000i\000n\000g\000\040\000M\000i\000x\000e\000d}{section.4.1}% 30
\BOOKMARK [2][-]{subsection.4.1.2}{\376\377\000A\000n\000a\000l\000i\000s\000i\000\040\000p\000r\000e\000s\000t\000a\000z\000i\000o\000n\000a\000l\000e\000\040\000p\000o\000s\000t\000-\000b\000a\000k\000i\000n\000g}{section.4.1}% 31
\BOOKMARK [1][-]{section.4.2}{\376\377\000A\000n\000a\000l\000i\000s\000i\000\040\000d\000e\000l\000l\000a\000\040\000C\000o\000m\000p\000l\000e\000s\000s\000i\000t\000\340\000\040\000G\000e\000o\000m\000e\000t\000r\000i\000c\000a}{chapter.4}% 32
\BOOKMARK [2][-]{subsection.4.2.1}{\376\377\000S\000c\000r\000i\000p\000t\000\040\000d\000i\000\040\000a\000n\000a\000l\000i\000s\000i\000\040\000m\000e\000s\000h}{section.4.2}% 33
\BOOKMARK [2][-]{subsection.4.2.2}{\376\377\000I\000d\000e\000n\000t\000i\000f\000i\000c\000a\000z\000i\000o\000n\000e\000\040\000d\000e\000l\000l\000'\000a\000s\000s\000e\000t\000\040\000c\000r\000i\000t\000i\000c\000o}{section.4.2}% 34
\BOOKMARK [1][-]{section.4.3}{\376\377\000M\000e\000s\000h\000\040\000S\000p\000l\000i\000t\000t\000i\000n\000g}{chapter.4}% 35
\BOOKMARK [2][-]{subsection.4.3.1}{\376\377\000S\000c\000o\000m\000p\000o\000s\000i\000z\000i\000o\000n\000e\000\040\000S\000p\000a\000z\000i\000a\000l\000e}{section.4.3}% 36
\BOOKMARK [2][-]{subsection.4.3.2}{\376\377\000A\000n\000a\000l\000i\000s\000i\000\040\000d\000e\000l\000l\000'\000i\000m\000p\000a\000t\000t\000o\000\040\000s\000u\000\040\000O\000c\000c\000l\000u\000s\000i\000o\000n\000\040\000C\000u\000l\000l\000i\000n\000g\000\040\000e\000\040\000P\000e\000r\000f\000o\000r\000m\000a\000n\000c\000e}{section.4.3}% 37
\BOOKMARK [1][-]{section.4.4}{\376\377\000O\000t\000t\000i\000m\000i\000z\000z\000a\000z\000i\000o\000n\000e\000\040\000d\000e\000l\000l\000a\000\040\000M\000e\000m\000o\000r\000i\000a}{chapter.4}% 38
\BOOKMARK [2][-]{subsection.4.4.1}{\376\377\000S\000u\000d\000d\000i\000v\000i\000s\000i\000o\000n\000e\000\040\000d\000e\000l\000l\000a\000\040\000S\000c\000e\000n\000a}{section.4.4}% 39
\BOOKMARK [2][-]{subsection.4.4.2}{\376\377\000M\000e\000s\000h\000C\000l\000e\000a\000n\000e\000r}{section.4.4}% 40
\BOOKMARK [2][-]{subsection.4.4.3}{\376\377\000L\000O\000D\000\040\000S\000t\000r\000i\000p\000p\000e\000r}{section.4.4}% 41
\BOOKMARK [2][-]{subsection.4.4.4}{\376\377\000A\000n\000a\000l\000i\000s\000i\000\040\000C\000o\000m\000p\000a\000r\000a\000t\000i\000v\000a\000\040\000d\000e\000i\000\040\000R\000i\000s\000u\000l\000t\000a\000t\000i}{section.4.4}% 42
\BOOKMARK [0][-]{chapter.5}{\376\377\000V\000a\000l\000u\000t\000a\000z\000i\000o\000n\000e\000\040\000d\000e\000i\000\040\000R\000i\000s\000u\000l\000t\000a\000t\000i}{}% 43
\BOOKMARK [1][-]{section.5.1}{\376\377\000A\000n\000a\000l\000i\000s\000i\000\040\000C\000o\000m\000p\000a\000r\000a\000t\000i\000v\000a\000\040\000i\000n\000\040\000R\000u\000n\000t\000i\000m\000e}{chapter.5}% 44
\BOOKMARK [1][-]{section.5.2}{\376\377\000I\000m\000p\000a\000t\000t\000o\000\040\000s\000u\000l\000\040\000G\000a\000m\000e\000p\000l\000a\000y}{chapter.5}% 45
\BOOKMARK [0][-]{chapter*.30}{\376\377\000B\000i\000b\000l\000i\000o\000g\000r\000a\000f\000i\000a}{}% 46
